INFO:manoa_log:system started
INFO:manoa_log:Loading config...
INFO:manoa_log:Finished loading config!
INFO:manoa_log:Creating dbs...
INFO:manoa_log:Starting to create db with: create_stopwords_db...
INFO:manoa_log:Loading config...
INFO:manoa_log:Finished loading config!
INFO:manoa_log:Finished creating db with: create_stopwords_db!
INFO:manoa_log:Starting to create db with: create_revi_db...
INFO:manoa_log:system started
INFO:manoa_log:Loading config...
INFO:manoa_log:Finished loading config!
INFO:manoa_log:Creating dbs...
INFO:manoa_log:Starting to create db with: create_stopwords_db...
INFO:manoa_log:Loading config...
INFO:manoa_log:Finished loading config!
INFO:manoa_log:Finished creating db with: create_stopwords_db!
INFO:manoa_log:Starting to create db with: create_revi_db...
INFO:manoa_log:system started
INFO:manoa_log:Loading config...
INFO:manoa_log:Finished loading config!
INFO:manoa_log:Creating dbs...
INFO:manoa_log:Starting to create db with: create_stopwords_db...
INFO:manoa_log:Loading config...
INFO:manoa_log:Finished loading config!
INFO:manoa_log:Finished creating db with: create_stopwords_db!
INFO:manoa_log:Starting to create db with: create_revi_db...
INFO:manoa_log:Loading config...
INFO:manoa_log:Finished loading config!
INFO:manoa_log:Starting lower filter...
INFO:manoa_log:Finished lower filter!
INFO:manoa_log:Starting punctuation filter...
INFO:manoa_log:system started
INFO:manoa_log:Loading config...
INFO:manoa_log:Finished loading config!
INFO:manoa_log:Creating dbs...
INFO:manoa_log:Starting to create db with: create_stopwords_db...
INFO:manoa_log:Loading config...
INFO:manoa_log:Finished loading config!
INFO:manoa_log:Finished creating db with: create_stopwords_db!
INFO:manoa_log:Starting to create db with: create_revi_db...
INFO:manoa_log:Loading config...
INFO:manoa_log:Finished loading config!
INFO:manoa_log:Starting lower filter...
INFO:manoa_log:Finished lower filter!
INFO:manoa_log:Starting punctuation filter...
INFO:manoa_log:Finished punctuation filter!
INFO:manoa_log:Starting tokenaizer filter...
INFO:manoa_log:Finished tokenaizer filter!
INFO:manoa_log:Starting stopwords filter...
INFO:manoa_log:Finished stopwords filter!
INFO:manoa_log:Starting lemmatizer filter...
INFO:manoa_log:Finished lemmatizer filter!
INFO:manoa_log:Starting lower filter...
INFO:manoa_log:Finished lower filter!
INFO:manoa_log:Starting punctuation filter...
INFO:manoa_log:Finished punctuation filter!
INFO:manoa_log:Starting tokenaizer filter...
INFO:manoa_log:Finished tokenaizer filter!
INFO:manoa_log:Starting stopwords filter...
INFO:manoa_log:Finished stopwords filter!
INFO:manoa_log:Starting lemmatizer filter...
INFO:manoa_log:Finished lemmatizer filter!
INFO:manoa_log:Starting lower filter...
INFO:manoa_log:Finished lower filter!
INFO:manoa_log:Starting punctuation filter...
INFO:manoa_log:Finished punctuation filter!
INFO:manoa_log:Starting tokenaizer filter...
INFO:manoa_log:Finished tokenaizer filter!
INFO:manoa_log:Starting stopwords filter...
INFO:manoa_log:Finished stopwords filter!
INFO:manoa_log:Starting lemmatizer filter...
INFO:manoa_log:Finished lemmatizer filter!
INFO:manoa_log:Starting lower filter...
INFO:manoa_log:Finished lower filter!
INFO:manoa_log:Starting punctuation filter...
INFO:manoa_log:Finished punctuation filter!
INFO:manoa_log:Starting tokenaizer filter...
INFO:manoa_log:Finished tokenaizer filter!
INFO:manoa_log:Starting stopwords filter...
INFO:manoa_log:Finished stopwords filter!
INFO:manoa_log:Starting lemmatizer filter...
INFO:manoa_log:Finished lemmatizer filter!
INFO:manoa_log:Finished creating db with: create_revi_db!
INFO:manoa_log:Starting to create db with: create_tf_db...
INFO:manoa_log:system started
INFO:manoa_log:Loading config...
INFO:manoa_log:Finished loading config!
INFO:manoa_log:Creating dbs...
INFO:manoa_log:Starting to create db with: create_stopwords_db...
INFO:manoa_log:Loading config...
INFO:manoa_log:Finished loading config!
INFO:manoa_log:Finished creating db with: create_stopwords_db!
INFO:manoa_log:Starting to create db with: create_revi_db...
INFO:manoa_log:Loading config...
INFO:manoa_log:Finished loading config!
INFO:manoa_log:Starting lower filter...
INFO:manoa_log:Finished lower filter!
INFO:manoa_log:Starting punctuation filter...
INFO:manoa_log:Finished punctuation filter!
INFO:manoa_log:Starting tokenaizer filter...
INFO:manoa_log:Finished tokenaizer filter!
INFO:manoa_log:Starting stopwords filter...
INFO:manoa_log:Finished stopwords filter!
INFO:manoa_log:Starting lemmatizer filter...
INFO:manoa_log:Finished lemmatizer filter!
INFO:manoa_log:Starting lower filter...
INFO:manoa_log:Finished lower filter!
INFO:manoa_log:Starting punctuation filter...
INFO:manoa_log:Finished punctuation filter!
INFO:manoa_log:Starting tokenaizer filter...
INFO:manoa_log:Finished tokenaizer filter!
INFO:manoa_log:Starting stopwords filter...
INFO:manoa_log:Finished stopwords filter!
INFO:manoa_log:Starting lemmatizer filter...
INFO:manoa_log:Finished lemmatizer filter!
INFO:manoa_log:Starting lower filter...
INFO:manoa_log:Finished lower filter!
INFO:manoa_log:Starting punctuation filter...
INFO:manoa_log:Finished punctuation filter!
INFO:manoa_log:Starting tokenaizer filter...
INFO:manoa_log:Finished tokenaizer filter!
INFO:manoa_log:Starting stopwords filter...
INFO:manoa_log:Finished stopwords filter!
INFO:manoa_log:Starting lemmatizer filter...
INFO:manoa_log:Finished lemmatizer filter!
INFO:manoa_log:Starting lower filter...
INFO:manoa_log:Finished lower filter!
INFO:manoa_log:Starting punctuation filter...
INFO:manoa_log:Finished punctuation filter!
INFO:manoa_log:Starting tokenaizer filter...
INFO:manoa_log:Finished tokenaizer filter!
INFO:manoa_log:Starting stopwords filter...
INFO:manoa_log:Finished stopwords filter!
INFO:manoa_log:Starting lemmatizer filter...
INFO:manoa_log:Finished lemmatizer filter!
INFO:manoa_log:Finished creating db with: create_revi_db!
INFO:manoa_log:Starting to create db with: create_tf_db...
INFO:manoa_log:Finished creating db with: create_tf_db!
INFO:manoa_log:Starting to create db with: create_idf_db...
INFO:manoa_log:system started
INFO:manoa_log:Loading config...
INFO:manoa_log:Finished loading config!
INFO:manoa_log:Creating dbs...
INFO:manoa_log:Starting to create db with: create_stopwords_db...
INFO:manoa_log:Loading config...
INFO:manoa_log:Finished loading config!
INFO:manoa_log:Finished creating db with: create_stopwords_db!
INFO:manoa_log:Starting to create db with: create_revi_db...
INFO:manoa_log:Loading config...
INFO:manoa_log:Finished loading config!
INFO:manoa_log:Starting lower filter...
INFO:manoa_log:Finished lower filter!
INFO:manoa_log:Starting punctuation filter...
INFO:manoa_log:Finished punctuation filter!
INFO:manoa_log:Starting tokenaizer filter...
INFO:manoa_log:Finished tokenaizer filter!
INFO:manoa_log:Starting stopwords filter...
INFO:manoa_log:Finished stopwords filter!
INFO:manoa_log:Starting lemmatizer filter...
INFO:manoa_log:Finished lemmatizer filter!
INFO:manoa_log:Starting lower filter...
INFO:manoa_log:Finished lower filter!
INFO:manoa_log:Starting punctuation filter...
INFO:manoa_log:Finished punctuation filter!
INFO:manoa_log:Starting tokenaizer filter...
INFO:manoa_log:Finished tokenaizer filter!
INFO:manoa_log:Starting stopwords filter...
INFO:manoa_log:Finished stopwords filter!
INFO:manoa_log:Starting lemmatizer filter...
INFO:manoa_log:Finished lemmatizer filter!
INFO:manoa_log:Starting lower filter...
INFO:manoa_log:Finished lower filter!
INFO:manoa_log:Starting punctuation filter...
INFO:manoa_log:Finished punctuation filter!
INFO:manoa_log:Starting tokenaizer filter...
INFO:manoa_log:Finished tokenaizer filter!
INFO:manoa_log:Starting stopwords filter...
INFO:manoa_log:Finished stopwords filter!
INFO:manoa_log:Starting lemmatizer filter...
INFO:manoa_log:Finished lemmatizer filter!
INFO:manoa_log:Starting lower filter...
INFO:manoa_log:Finished lower filter!
INFO:manoa_log:Starting punctuation filter...
INFO:manoa_log:Finished punctuation filter!
INFO:manoa_log:Starting tokenaizer filter...
INFO:manoa_log:Finished tokenaizer filter!
INFO:manoa_log:Starting stopwords filter...
INFO:manoa_log:Finished stopwords filter!
INFO:manoa_log:Starting lemmatizer filter...
INFO:manoa_log:Finished lemmatizer filter!
INFO:manoa_log:Finished creating db with: create_revi_db!
INFO:manoa_log:Starting to create db with: create_tf_db...
INFO:manoa_log:Finished creating db with: create_tf_db!
INFO:manoa_log:Starting to create db with: create_idf_db...
INFO:manoa_log:Finished creating db with: create_idf_db!
INFO:manoa_log:Starting to create db with: create_scores_db...
INFO:manoa_log:Finished creating db with: create_scores_db!
INFO:manoa_log:Finished creating dbs!
INFO:manoa_log:user search is learning
INFO:manoa_log:Starts searching for 'learning'
INFO:manoa_log:Filtering the query: 'learning'...
INFO:manoa_log:Starting lower filter...
INFO:manoa_log:Finished lower filter!
INFO:manoa_log:Starting punctuation filter...
INFO:manoa_log:Finished punctuation filter!
INFO:manoa_log:Starting tokenaizer filter...
INFO:manoa_log:Finished tokenaizer filter!
INFO:manoa_log:Starting stopwords filter...
INFO:manoa_log:Finished stopwords filter!
INFO:manoa_log:Starting lemmatizer filter...
INFO:manoa_log:Finished lemmatizer filter!
INFO:manoa_log:Finished filtering: '['learn']'
INFO:manoa_log:Searching for word 'learn'
INFO:manoa_log:system started
INFO:manoa_log:Loading config...
INFO:manoa_log:Finished loading config!
INFO:manoa_log:Creating dbs...
INFO:manoa_log:Starting to create db with: create_stopwords_db...
INFO:manoa_log:Loading config...
INFO:manoa_log:Finished loading config!
INFO:manoa_log:Finished creating db with: create_stopwords_db!
INFO:manoa_log:Starting to create db with: create_revi_db...
INFO:manoa_log:Loading config...
INFO:manoa_log:Finished loading config!
INFO:manoa_log:Starting lower filter...
INFO:manoa_log:Finished lower filter!
INFO:manoa_log:Starting punctuation filter...
INFO:manoa_log:Finished punctuation filter!
INFO:manoa_log:Starting tokenaizer filter...
INFO:manoa_log:Finished tokenaizer filter!
INFO:manoa_log:Starting stopwords filter...
INFO:manoa_log:Finished stopwords filter!
INFO:manoa_log:Starting lemmatizer filter...
INFO:manoa_log:Finished lemmatizer filter!
INFO:manoa_log:Starting lower filter...
INFO:manoa_log:Finished lower filter!
INFO:manoa_log:Starting punctuation filter...
INFO:manoa_log:Finished punctuation filter!
INFO:manoa_log:Starting tokenaizer filter...
INFO:manoa_log:Finished tokenaizer filter!
INFO:manoa_log:Starting stopwords filter...
INFO:manoa_log:Finished stopwords filter!
INFO:manoa_log:Starting lemmatizer filter...
INFO:manoa_log:Finished lemmatizer filter!
INFO:manoa_log:Starting lower filter...
INFO:manoa_log:Finished lower filter!
INFO:manoa_log:Starting punctuation filter...
INFO:manoa_log:Finished punctuation filter!
INFO:manoa_log:Starting tokenaizer filter...
INFO:manoa_log:Finished tokenaizer filter!
INFO:manoa_log:Starting stopwords filter...
INFO:manoa_log:Finished stopwords filter!
INFO:manoa_log:Starting lemmatizer filter...
INFO:manoa_log:Finished lemmatizer filter!
INFO:manoa_log:Starting lower filter...
INFO:manoa_log:Finished lower filter!
INFO:manoa_log:Starting punctuation filter...
INFO:manoa_log:Finished punctuation filter!
INFO:manoa_log:Starting tokenaizer filter...
INFO:manoa_log:Finished tokenaizer filter!
INFO:manoa_log:Starting stopwords filter...
INFO:manoa_log:Finished stopwords filter!
INFO:manoa_log:Starting lemmatizer filter...
INFO:manoa_log:Finished lemmatizer filter!
INFO:manoa_log:Finished creating db with: create_revi_db!
INFO:manoa_log:Starting to create db with: create_tf_db...
INFO:manoa_log:Finished creating db with: create_tf_db!
INFO:manoa_log:Starting to create db with: create_idf_db...
INFO:manoa_log:Finished creating db with: create_idf_db!
INFO:manoa_log:Starting to create db with: create_scores_db...
INFO:manoa_log:Finished creating db with: create_scores_db!
INFO:manoa_log:Finished creating dbs!
INFO:manoa_log:Client created
INFO:manoa_log:system started
INFO:manoa_log:Loading config...
INFO:manoa_log:Finished loading config!
INFO:manoa_log:Creating dbs...
INFO:manoa_log:Starting to create db with: create_stopwords_db...
INFO:manoa_log:Loading config...
INFO:manoa_log:Finished loading config!
INFO:manoa_log:Finished creating db with: create_stopwords_db!
INFO:manoa_log:Starting to create db with: create_revi_db...
INFO:manoa_log:Loading config...
INFO:manoa_log:Finished loading config!
INFO:manoa_log:Starting lower filter...
INFO:manoa_log:Finished lower filter!
INFO:manoa_log:Starting punctuation filter...
INFO:manoa_log:Finished punctuation filter!
INFO:manoa_log:Starting tokenaizer filter...
INFO:manoa_log:Finished tokenaizer filter!
INFO:manoa_log:Starting stopwords filter...
INFO:manoa_log:Finished stopwords filter!
INFO:manoa_log:Starting lemmatizer filter...
INFO:manoa_log:Finished lemmatizer filter!
INFO:manoa_log:Starting lower filter...
INFO:manoa_log:Finished lower filter!
INFO:manoa_log:Starting punctuation filter...
INFO:manoa_log:Finished punctuation filter!
INFO:manoa_log:Starting tokenaizer filter...
INFO:manoa_log:Finished tokenaizer filter!
INFO:manoa_log:Starting stopwords filter...
INFO:manoa_log:Finished stopwords filter!
INFO:manoa_log:Starting lemmatizer filter...
INFO:manoa_log:Finished lemmatizer filter!
INFO:manoa_log:Starting lower filter...
INFO:manoa_log:Finished lower filter!
INFO:manoa_log:Starting punctuation filter...
INFO:manoa_log:Finished punctuation filter!
INFO:manoa_log:Starting tokenaizer filter...
INFO:manoa_log:Finished tokenaizer filter!
INFO:manoa_log:Starting stopwords filter...
INFO:manoa_log:Finished stopwords filter!
INFO:manoa_log:Starting lemmatizer filter...
INFO:manoa_log:Finished lemmatizer filter!
INFO:manoa_log:Starting lower filter...
INFO:manoa_log:Finished lower filter!
INFO:manoa_log:Starting punctuation filter...
INFO:manoa_log:Finished punctuation filter!
INFO:manoa_log:Starting tokenaizer filter...
INFO:manoa_log:Finished tokenaizer filter!
INFO:manoa_log:Starting stopwords filter...
INFO:manoa_log:Finished stopwords filter!
INFO:manoa_log:Starting lemmatizer filter...
INFO:manoa_log:Finished lemmatizer filter!
INFO:manoa_log:Finished creating db with: create_revi_db!
INFO:manoa_log:Starting to create db with: create_tf_db...
INFO:manoa_log:Finished creating db with: create_tf_db!
INFO:manoa_log:Starting to create db with: create_idf_db...
INFO:manoa_log:Finished creating db with: create_idf_db!
INFO:manoa_log:Starting to create db with: create_scores_db...
INFO:manoa_log:Finished creating db with: create_scores_db!
INFO:manoa_log:Finished creating dbs!
INFO:manoa_log:Client created
INFO:manoa_log:user search is learning
INFO:manoa_log:Starts searching for 'learning'
INFO:manoa_log:Filtering the query: 'learning'...
INFO:manoa_log:Starting lower filter...
INFO:manoa_log:Finished lower filter!
INFO:manoa_log:Starting punctuation filter...
INFO:manoa_log:Finished punctuation filter!
INFO:manoa_log:Starting tokenaizer filter...
INFO:manoa_log:Finished tokenaizer filter!
INFO:manoa_log:Starting stopwords filter...
INFO:manoa_log:Finished stopwords filter!
INFO:manoa_log:Starting lemmatizer filter...
INFO:manoa_log:Finished lemmatizer filter!
INFO:manoa_log:Finished filtering: '['learn']'
INFO:manoa_log:Searching for word 'learn'
INFO:manoa_log:system started
INFO:manoa_log:Loading config...
INFO:manoa_log:Finished loading config!
INFO:manoa_log:Creating dbs...
INFO:manoa_log:Starting to create db with: create_stopwords_db...
INFO:manoa_log:Loading config...
INFO:manoa_log:Finished loading config!
INFO:manoa_log:Finished creating db with: create_stopwords_db!
INFO:manoa_log:Starting to create db with: create_revi_db...
INFO:manoa_log:Loading config...
INFO:manoa_log:Finished loading config!
INFO:manoa_log:Starting lower filter...
INFO:manoa_log:Finished lower filter!
INFO:manoa_log:Starting punctuation filter...
INFO:manoa_log:Finished punctuation filter!
INFO:manoa_log:Starting tokenaizer filter...
INFO:manoa_log:Finished tokenaizer filter!
INFO:manoa_log:Starting stopwords filter...
INFO:manoa_log:Finished stopwords filter!
INFO:manoa_log:Starting lemmatizer filter...
INFO:manoa_log:Finished lemmatizer filter!
INFO:manoa_log:Starting lower filter...
INFO:manoa_log:Finished lower filter!
INFO:manoa_log:Starting punctuation filter...
INFO:manoa_log:Finished punctuation filter!
INFO:manoa_log:Starting tokenaizer filter...
INFO:manoa_log:Finished tokenaizer filter!
INFO:manoa_log:Starting stopwords filter...
INFO:manoa_log:Finished stopwords filter!
INFO:manoa_log:Starting lemmatizer filter...
INFO:manoa_log:Finished lemmatizer filter!
INFO:manoa_log:Starting lower filter...
INFO:manoa_log:Finished lower filter!
INFO:manoa_log:Starting punctuation filter...
INFO:manoa_log:Finished punctuation filter!
INFO:manoa_log:Starting tokenaizer filter...
INFO:manoa_log:Finished tokenaizer filter!
INFO:manoa_log:Starting stopwords filter...
INFO:manoa_log:Finished stopwords filter!
INFO:manoa_log:Starting lemmatizer filter...
INFO:manoa_log:Finished lemmatizer filter!
INFO:manoa_log:Starting lower filter...
INFO:manoa_log:Finished lower filter!
INFO:manoa_log:Starting punctuation filter...
INFO:manoa_log:Finished punctuation filter!
INFO:manoa_log:Starting tokenaizer filter...
INFO:manoa_log:Finished tokenaizer filter!
INFO:manoa_log:Starting stopwords filter...
INFO:manoa_log:Finished stopwords filter!
INFO:manoa_log:Starting lemmatizer filter...
INFO:manoa_log:Finished lemmatizer filter!
INFO:manoa_log:Finished creating db with: create_revi_db!
INFO:manoa_log:Starting to create db with: create_tf_db...
INFO:manoa_log:Finished creating db with: create_tf_db!
INFO:manoa_log:Starting to create db with: create_idf_db...
INFO:manoa_log:Finished creating db with: create_idf_db!
INFO:manoa_log:Starting to create db with: create_scores_db...
INFO:manoa_log:Finished creating db with: create_scores_db!
INFO:manoa_log:Finished creating dbs!
INFO:manoa_log:Client created
INFO:manoa_log:user search is learning
INFO:manoa_log:Starts searching for 'learning'
INFO:manoa_log:Filtering the query: 'learning'...
INFO:manoa_log:Starting lower filter...
INFO:manoa_log:Finished lower filter!
INFO:manoa_log:Starting punctuation filter...
INFO:manoa_log:Finished punctuation filter!
INFO:manoa_log:Starting tokenaizer filter...
INFO:manoa_log:Finished tokenaizer filter!
INFO:manoa_log:Starting stopwords filter...
INFO:manoa_log:Finished stopwords filter!
INFO:manoa_log:Starting lemmatizer filter...
INFO:manoa_log:Finished lemmatizer filter!
INFO:manoa_log:Finished filtering: '['learn']'
INFO:manoa_log:Searching for word 'learn'
INFO:manoa_log:user search is spacex
INFO:manoa_log:Starts searching for 'spacex'
INFO:manoa_log:Filtering the query: 'spacex'...
INFO:manoa_log:Starting lower filter...
INFO:manoa_log:Finished lower filter!
INFO:manoa_log:Starting punctuation filter...
INFO:manoa_log:Finished punctuation filter!
INFO:manoa_log:Starting tokenaizer filter...
INFO:manoa_log:Finished tokenaizer filter!
INFO:manoa_log:Starting stopwords filter...
INFO:manoa_log:Finished stopwords filter!
INFO:manoa_log:Starting lemmatizer filter...
INFO:manoa_log:Finished lemmatizer filter!
INFO:manoa_log:Finished filtering: '['spacex']'
INFO:manoa_log:Searching for word 'spacex'
INFO:manoa_log:system started
INFO:manoa_log:Loading config...
INFO:manoa_log:Finished loading config!
INFO:manoa_log:Creating dbs...
INFO:manoa_log:Starting to create db with: create_stopwords_db...
INFO:manoa_log:Loading config...
INFO:manoa_log:Finished loading config!
INFO:manoa_log:Finished creating db with: create_stopwords_db!
INFO:manoa_log:Starting to create db with: create_revi_db...
INFO:manoa_log:Loading config...
INFO:manoa_log:Finished loading config!
INFO:manoa_log:Starting lower filter...
INFO:manoa_log:Finished lower filter!
INFO:manoa_log:Starting punctuation filter...
INFO:manoa_log:Finished punctuation filter!
INFO:manoa_log:Starting tokenaizer filter...
INFO:manoa_log:Finished tokenaizer filter!
INFO:manoa_log:Starting stopwords filter...
INFO:manoa_log:Finished stopwords filter!
INFO:manoa_log:Starting lemmatizer filter...
INFO:manoa_log:Finished lemmatizer filter!
INFO:manoa_log:Starting lower filter...
INFO:manoa_log:Finished lower filter!
INFO:manoa_log:Starting punctuation filter...
INFO:manoa_log:Finished punctuation filter!
INFO:manoa_log:Starting tokenaizer filter...
INFO:manoa_log:Finished tokenaizer filter!
INFO:manoa_log:Starting stopwords filter...
INFO:manoa_log:Finished stopwords filter!
INFO:manoa_log:Starting lemmatizer filter...
INFO:manoa_log:Finished lemmatizer filter!
INFO:manoa_log:Starting lower filter...
INFO:manoa_log:Finished lower filter!
INFO:manoa_log:Starting punctuation filter...
INFO:manoa_log:Finished punctuation filter!
INFO:manoa_log:Starting tokenaizer filter...
INFO:manoa_log:Finished tokenaizer filter!
INFO:manoa_log:Starting stopwords filter...
INFO:manoa_log:Finished stopwords filter!
INFO:manoa_log:Starting lemmatizer filter...
INFO:manoa_log:Finished lemmatizer filter!
INFO:manoa_log:Starting lower filter...
INFO:manoa_log:Finished lower filter!
INFO:manoa_log:Starting punctuation filter...
INFO:manoa_log:Finished punctuation filter!
INFO:manoa_log:Starting tokenaizer filter...
INFO:manoa_log:Finished tokenaizer filter!
INFO:manoa_log:Starting stopwords filter...
INFO:manoa_log:Finished stopwords filter!
INFO:manoa_log:Starting lemmatizer filter...
INFO:manoa_log:Finished lemmatizer filter!
INFO:manoa_log:Finished creating db with: create_revi_db!
INFO:manoa_log:Starting to create db with: create_tf_db...
INFO:manoa_log:Finished creating db with: create_tf_db!
INFO:manoa_log:Starting to create db with: create_idf_db...
INFO:manoa_log:Finished creating db with: create_idf_db!
INFO:manoa_log:Starting to create db with: create_scores_db...
INFO:manoa_log:Finished creating db with: create_scores_db!
INFO:manoa_log:Finished creating dbs!
INFO:manoa_log:Client created
INFO:manoa_log:system started
INFO:manoa_log:Loading config...
INFO:manoa_log:Finished loading config!
INFO:manoa_log:Creating dbs...
INFO:manoa_log:Starting to create db with: create_stopwords_db...
INFO:manoa_log:Loading config...
INFO:manoa_log:Finished loading config!
INFO:manoa_log:Finished creating db with: create_stopwords_db!
INFO:manoa_log:Starting to create db with: create_revi_db...
INFO:manoa_log:Loading config...
INFO:manoa_log:Finished loading config!
INFO:manoa_log:Starting lower filter...
INFO:manoa_log:Finished lower filter!
INFO:manoa_log:Starting punctuation filter...
INFO:manoa_log:Finished punctuation filter!
INFO:manoa_log:Starting tokenaizer filter...
INFO:manoa_log:Finished tokenaizer filter!
INFO:manoa_log:Starting stopwords filter...
INFO:manoa_log:Finished stopwords filter!
INFO:manoa_log:Starting lemmatizer filter...
INFO:manoa_log:Finished lemmatizer filter!
INFO:manoa_log:Starting lower filter...
INFO:manoa_log:Finished lower filter!
INFO:manoa_log:Starting punctuation filter...
INFO:manoa_log:Finished punctuation filter!
INFO:manoa_log:Starting tokenaizer filter...
INFO:manoa_log:Finished tokenaizer filter!
INFO:manoa_log:Starting stopwords filter...
INFO:manoa_log:Finished stopwords filter!
INFO:manoa_log:Starting lemmatizer filter...
INFO:manoa_log:Finished lemmatizer filter!
INFO:manoa_log:Starting lower filter...
INFO:manoa_log:Finished lower filter!
INFO:manoa_log:Starting punctuation filter...
INFO:manoa_log:Finished punctuation filter!
INFO:manoa_log:Starting tokenaizer filter...
INFO:manoa_log:Finished tokenaizer filter!
INFO:manoa_log:Starting stopwords filter...
INFO:manoa_log:Finished stopwords filter!
INFO:manoa_log:Starting lemmatizer filter...
INFO:manoa_log:Finished lemmatizer filter!
INFO:manoa_log:Starting lower filter...
INFO:manoa_log:Finished lower filter!
INFO:manoa_log:Starting punctuation filter...
INFO:manoa_log:Finished punctuation filter!
INFO:manoa_log:Starting tokenaizer filter...
INFO:manoa_log:Finished tokenaizer filter!
INFO:manoa_log:Starting stopwords filter...
INFO:manoa_log:Finished stopwords filter!
INFO:manoa_log:Starting lemmatizer filter...
INFO:manoa_log:Finished lemmatizer filter!
INFO:manoa_log:Finished creating db with: create_revi_db!
INFO:manoa_log:Starting to create db with: create_tf_db...
INFO:manoa_log:Finished creating db with: create_tf_db!
INFO:manoa_log:Starting to create db with: create_idf_db...
INFO:manoa_log:Finished creating db with: create_idf_db!
INFO:manoa_log:Starting to create db with: create_scores_db...
INFO:manoa_log:Finished creating db with: create_scores_db!
INFO:manoa_log:Finished creating dbs!
INFO:manoa_log:Client created
INFO:manoa_log:user search is learning
INFO:manoa_log:Starts searching for 'learning'
INFO:manoa_log:Filtering the query: 'learning'...
INFO:manoa_log:Starting lower filter...
INFO:manoa_log:Finished lower filter!
INFO:manoa_log:Starting punctuation filter...
INFO:manoa_log:Finished punctuation filter!
INFO:manoa_log:Starting tokenaizer filter...
INFO:manoa_log:Finished tokenaizer filter!
INFO:manoa_log:Starting stopwords filter...
INFO:manoa_log:Finished stopwords filter!
INFO:manoa_log:Starting lemmatizer filter...
INFO:manoa_log:Finished lemmatizer filter!
INFO:manoa_log:Finished filtering: '['learn']'
INFO:manoa_log:Searching for word 'learn'
INFO:manoa_log:system started
INFO:manoa_log:Loading config...
INFO:manoa_log:Finished loading config!
INFO:manoa_log:Creating dbs...
INFO:manoa_log:Starting to create db with: create_stopwords_db...
INFO:manoa_log:Loading config...
INFO:manoa_log:Finished loading config!
INFO:manoa_log:Finished creating db with: create_stopwords_db!
INFO:manoa_log:Starting to create db with: create_revi_db...
INFO:manoa_log:Loading config...
INFO:manoa_log:Finished loading config!
INFO:manoa_log:Starting lower filter...
INFO:manoa_log:Finished lower filter!
INFO:manoa_log:Starting punctuation filter...
INFO:manoa_log:Finished punctuation filter!
INFO:manoa_log:Starting tokenaizer filter...
INFO:manoa_log:Finished tokenaizer filter!
INFO:manoa_log:Starting stopwords filter...
INFO:manoa_log:Finished stopwords filter!
INFO:manoa_log:Starting lemmatizer filter...
INFO:manoa_log:Finished lemmatizer filter!
INFO:manoa_log:Starting lower filter...
INFO:manoa_log:Finished lower filter!
INFO:manoa_log:Starting punctuation filter...
INFO:manoa_log:Finished punctuation filter!
INFO:manoa_log:Starting tokenaizer filter...
INFO:manoa_log:Finished tokenaizer filter!
INFO:manoa_log:Starting stopwords filter...
INFO:manoa_log:Finished stopwords filter!
INFO:manoa_log:Starting lemmatizer filter...
INFO:manoa_log:Finished lemmatizer filter!
INFO:manoa_log:Starting lower filter...
INFO:manoa_log:Finished lower filter!
INFO:manoa_log:Starting punctuation filter...
INFO:manoa_log:Finished punctuation filter!
INFO:manoa_log:Starting tokenaizer filter...
INFO:manoa_log:Finished tokenaizer filter!
INFO:manoa_log:Starting stopwords filter...
INFO:manoa_log:Finished stopwords filter!
INFO:manoa_log:Starting lemmatizer filter...
INFO:manoa_log:Finished lemmatizer filter!
INFO:manoa_log:Starting lower filter...
INFO:manoa_log:Finished lower filter!
INFO:manoa_log:Starting punctuation filter...
INFO:manoa_log:Finished punctuation filter!
INFO:manoa_log:Starting tokenaizer filter...
INFO:manoa_log:Finished tokenaizer filter!
INFO:manoa_log:Starting stopwords filter...
INFO:manoa_log:Finished stopwords filter!
INFO:manoa_log:Starting lemmatizer filter...
INFO:manoa_log:Finished lemmatizer filter!
INFO:manoa_log:Finished creating db with: create_revi_db!
INFO:manoa_log:Starting to create db with: create_tf_db...
INFO:manoa_log:Finished creating db with: create_tf_db!
INFO:manoa_log:Starting to create db with: create_idf_db...
INFO:manoa_log:Finished creating db with: create_idf_db!
INFO:manoa_log:Starting to create db with: create_scores_db...
INFO:manoa_log:Finished creating db with: create_scores_db!
INFO:manoa_log:Finished creating dbs!
INFO:manoa_log:Client created
INFO:manoa_log:user search is learning
INFO:manoa_log:Starts searching for 'learning'
INFO:manoa_log:Filtering the query: 'learning'...
INFO:manoa_log:Starting lower filter...
INFO:manoa_log:Finished lower filter!
INFO:manoa_log:Starting punctuation filter...
INFO:manoa_log:Finished punctuation filter!
INFO:manoa_log:Starting tokenaizer filter...
INFO:manoa_log:Finished tokenaizer filter!
INFO:manoa_log:Starting stopwords filter...
INFO:manoa_log:Finished stopwords filter!
INFO:manoa_log:Starting lemmatizer filter...
INFO:manoa_log:Finished lemmatizer filter!
INFO:manoa_log:Finished filtering: '['learn']'
INFO:manoa_log:Searching for word 'learn'
INFO:manoa_log:user search is spacex
INFO:manoa_log:Starts searching for 'spacex'
INFO:manoa_log:Filtering the query: 'spacex'...
INFO:manoa_log:Starting lower filter...
INFO:manoa_log:Finished lower filter!
INFO:manoa_log:Starting punctuation filter...
INFO:manoa_log:Finished punctuation filter!
INFO:manoa_log:Starting tokenaizer filter...
INFO:manoa_log:Finished tokenaizer filter!
INFO:manoa_log:Starting stopwords filter...
INFO:manoa_log:Finished stopwords filter!
INFO:manoa_log:Starting lemmatizer filter...
INFO:manoa_log:Finished lemmatizer filter!
INFO:manoa_log:Finished filtering: '['spacex']'
INFO:manoa_log:Searching for word 'spacex'
INFO:manoa_log:user search is learning
INFO:manoa_log:Starts searching for 'learning'
INFO:manoa_log:Filtering the query: 'learning'...
INFO:manoa_log:Starting lower filter...
INFO:manoa_log:Finished lower filter!
INFO:manoa_log:Starting punctuation filter...
INFO:manoa_log:Finished punctuation filter!
INFO:manoa_log:Starting tokenaizer filter...
INFO:manoa_log:Finished tokenaizer filter!
INFO:manoa_log:Starting stopwords filter...
INFO:manoa_log:Finished stopwords filter!
INFO:manoa_log:Starting lemmatizer filter...
INFO:manoa_log:Finished lemmatizer filter!
INFO:manoa_log:Finished filtering: '['learn']'
INFO:manoa_log:Searching for word 'learn'
INFO:manoa_log:system started
INFO:manoa_log:Loading config...
INFO:manoa_log:Finished loading config!
INFO:manoa_log:Creating dbs...
INFO:manoa_log:Starting to create db with: create_stopwords_db...
INFO:manoa_log:Loading config...
INFO:manoa_log:Finished loading config!
INFO:manoa_log:Finished creating db with: create_stopwords_db!
INFO:manoa_log:Starting to create db with: create_revi_db...
INFO:manoa_log:Loading config...
INFO:manoa_log:Finished loading config!
INFO:manoa_log:Starting lower filter...
INFO:manoa_log:Finished lower filter!
INFO:manoa_log:Starting punctuation filter...
INFO:manoa_log:Finished punctuation filter!
INFO:manoa_log:Starting tokenaizer filter...
INFO:manoa_log:Finished tokenaizer filter!
INFO:manoa_log:Starting stopwords filter...
INFO:manoa_log:Finished stopwords filter!
INFO:manoa_log:Starting lemmatizer filter...
INFO:manoa_log:Finished lemmatizer filter!
INFO:manoa_log:Starting lower filter...
INFO:manoa_log:Finished lower filter!
INFO:manoa_log:Starting punctuation filter...
INFO:manoa_log:Finished punctuation filter!
INFO:manoa_log:Starting tokenaizer filter...
INFO:manoa_log:Finished tokenaizer filter!
INFO:manoa_log:Starting stopwords filter...
INFO:manoa_log:Finished stopwords filter!
INFO:manoa_log:Starting lemmatizer filter...
INFO:manoa_log:Finished lemmatizer filter!
INFO:manoa_log:Starting lower filter...
INFO:manoa_log:Finished lower filter!
INFO:manoa_log:Starting punctuation filter...
INFO:manoa_log:Finished punctuation filter!
INFO:manoa_log:Starting tokenaizer filter...
INFO:manoa_log:Finished tokenaizer filter!
INFO:manoa_log:Starting stopwords filter...
INFO:manoa_log:Finished stopwords filter!
INFO:manoa_log:Starting lemmatizer filter...
INFO:manoa_log:Finished lemmatizer filter!
INFO:manoa_log:Starting lower filter...
INFO:manoa_log:Finished lower filter!
INFO:manoa_log:Starting punctuation filter...
INFO:manoa_log:Finished punctuation filter!
INFO:manoa_log:Starting tokenaizer filter...
INFO:manoa_log:Finished tokenaizer filter!
INFO:manoa_log:Starting stopwords filter...
INFO:manoa_log:Finished stopwords filter!
INFO:manoa_log:Starting lemmatizer filter...
INFO:manoa_log:Finished lemmatizer filter!
INFO:manoa_log:Finished creating db with: create_revi_db!
INFO:manoa_log:Starting to create db with: create_tf_db...
INFO:manoa_log:Finished creating db with: create_tf_db!
INFO:manoa_log:Starting to create db with: create_idf_db...
INFO:manoa_log:Finished creating db with: create_idf_db!
INFO:manoa_log:Starting to create db with: create_scores_db...
INFO:manoa_log:Finished creating db with: create_scores_db!
INFO:manoa_log:Finished creating dbs!
INFO:manoa_log:Client created
INFO:manoa_log:user search is learning
INFO:manoa_log:Starts searching for 'learning'
INFO:manoa_log:Filtering the query: 'learning'...
INFO:manoa_log:Starting lower filter...
INFO:manoa_log:Finished lower filter!
INFO:manoa_log:Starting punctuation filter...
INFO:manoa_log:Finished punctuation filter!
INFO:manoa_log:Starting tokenaizer filter...
INFO:manoa_log:Finished tokenaizer filter!
INFO:manoa_log:Starting stopwords filter...
INFO:manoa_log:Finished stopwords filter!
INFO:manoa_log:Starting lemmatizer filter...
INFO:manoa_log:Finished lemmatizer filter!
INFO:manoa_log:Finished filtering: '['learn']'
INFO:manoa_log:Searching for word 'learn'
INFO:manoa_log:Found results: [('file1.txt', {0.023104906018664842}), ('file2.txt', {0.02038668178117486})]
INFO:manoa_log:system started
INFO:manoa_log:Loading config...
INFO:manoa_log:Finished loading config!
INFO:manoa_log:Creating dbs...
INFO:manoa_log:Starting to create db with: create_configs_db...
INFO:manoa_log:Finished creating db with: create_configs_db!
INFO:manoa_log:Starting to create db with: create_stopwords_db...
INFO:manoa_log:Finished creating db with: create_stopwords_db!
INFO:manoa_log:Starting to create db with: create_revi_db...
INFO:manoa_log:Starting lower filter...
INFO:manoa_log:Finished lower filter!
INFO:manoa_log:Starting punctuation filter...
INFO:manoa_log:Finished punctuation filter!
INFO:manoa_log:Starting tokenaizer filter...
INFO:manoa_log:Finished tokenaizer filter!
INFO:manoa_log:Starting stopwords filter...
INFO:manoa_log:Finished stopwords filter!
INFO:manoa_log:Starting lemmatizer filter...
INFO:manoa_log:Finished lemmatizer filter!
INFO:manoa_log:Starting lower filter...
INFO:manoa_log:Finished lower filter!
INFO:manoa_log:Starting punctuation filter...
INFO:manoa_log:Finished punctuation filter!
INFO:manoa_log:Starting tokenaizer filter...
INFO:manoa_log:Finished tokenaizer filter!
INFO:manoa_log:Starting stopwords filter...
INFO:manoa_log:Finished stopwords filter!
INFO:manoa_log:Starting lemmatizer filter...
INFO:manoa_log:Finished lemmatizer filter!
INFO:manoa_log:Starting lower filter...
INFO:manoa_log:Finished lower filter!
INFO:manoa_log:Starting punctuation filter...
INFO:manoa_log:Finished punctuation filter!
INFO:manoa_log:Starting tokenaizer filter...
INFO:manoa_log:Finished tokenaizer filter!
INFO:manoa_log:Starting stopwords filter...
INFO:manoa_log:Finished stopwords filter!
INFO:manoa_log:Starting lemmatizer filter...
INFO:manoa_log:Finished lemmatizer filter!
INFO:manoa_log:Starting lower filter...
INFO:manoa_log:Finished lower filter!
INFO:manoa_log:Starting punctuation filter...
INFO:manoa_log:Finished punctuation filter!
INFO:manoa_log:Starting tokenaizer filter...
INFO:manoa_log:Finished tokenaizer filter!
INFO:manoa_log:Starting stopwords filter...
INFO:manoa_log:Finished stopwords filter!
INFO:manoa_log:Starting lemmatizer filter...
INFO:manoa_log:Finished lemmatizer filter!
INFO:manoa_log:Finished creating db with: create_revi_db!
INFO:manoa_log:Starting to create db with: create_tf_db...
INFO:manoa_log:Finished creating db with: create_tf_db!
INFO:manoa_log:Starting to create db with: create_idf_db...
INFO:manoa_log:Finished creating db with: create_idf_db!
INFO:manoa_log:Starting to create db with: create_scores_db...
INFO:manoa_log:Finished creating db with: create_scores_db!
INFO:manoa_log:Finished creating dbs!
INFO:manoa_log:Client created
INFO:manoa_log:user search is learning
INFO:manoa_log:Starts searching for 'learning'
INFO:manoa_log:Filtering the query: 'learning'...
INFO:manoa_log:Starting lower filter...
INFO:manoa_log:Finished lower filter!
INFO:manoa_log:Starting punctuation filter...
INFO:manoa_log:Finished punctuation filter!
INFO:manoa_log:Starting tokenaizer filter...
INFO:manoa_log:Finished tokenaizer filter!
INFO:manoa_log:Starting stopwords filter...
INFO:manoa_log:Finished stopwords filter!
INFO:manoa_log:Starting lemmatizer filter...
INFO:manoa_log:Finished lemmatizer filter!
INFO:manoa_log:Finished filtering: '['learn']'
INFO:manoa_log:Searching for word 'learn'
INFO:manoa_log:Found results: [('file1.txt', {0.023104906018664842})]
INFO:manoa_log:user search is spacex
INFO:manoa_log:Starts searching for 'spacex'
INFO:manoa_log:Filtering the query: 'spacex'...
INFO:manoa_log:Starting lower filter...
INFO:manoa_log:Finished lower filter!
INFO:manoa_log:Starting punctuation filter...
INFO:manoa_log:Finished punctuation filter!
INFO:manoa_log:Starting tokenaizer filter...
INFO:manoa_log:Finished tokenaizer filter!
INFO:manoa_log:Starting stopwords filter...
INFO:manoa_log:Finished stopwords filter!
INFO:manoa_log:Starting lemmatizer filter...
INFO:manoa_log:Finished lemmatizer filter!
INFO:manoa_log:Finished filtering: '['spacex']'
INFO:manoa_log:Searching for word 'spacex'
INFO:manoa_log:Found results: [('file4.txt', {0.03746741516540245})]
INFO:manoa_log:user search is LEARNING
INFO:manoa_log:Starts searching for 'LEARNING'
INFO:manoa_log:Filtering the query: 'LEARNING'...
INFO:manoa_log:Starting lower filter...
INFO:manoa_log:Finished lower filter!
INFO:manoa_log:Starting punctuation filter...
INFO:manoa_log:Finished punctuation filter!
INFO:manoa_log:Starting tokenaizer filter...
INFO:manoa_log:Finished tokenaizer filter!
INFO:manoa_log:Starting stopwords filter...
INFO:manoa_log:Finished stopwords filter!
INFO:manoa_log:Starting lemmatizer filter...
INFO:manoa_log:Finished lemmatizer filter!
INFO:manoa_log:Finished filtering: '['learn']'
INFO:manoa_log:Searching for word 'learn'
INFO:manoa_log:Found results: [('file1.txt', {0.023104906018664842})]
INFO:manoa_log:system started
INFO:manoa_log:Loading config...
INFO:manoa_log:Finished loading config!
INFO:manoa_log:Creating dbs...
INFO:manoa_log:Starting to create db with: create_configs_db...
INFO:manoa_log:Finished creating db with: create_configs_db!
INFO:manoa_log:Starting to create db with: create_stopwords_db...
INFO:manoa_log:Finished creating db with: create_stopwords_db!
INFO:manoa_log:Starting to create db with: create_revi_db...
INFO:manoa_log:Starting lower filter...
INFO:manoa_log:Finished lower filter!
INFO:manoa_log:Starting punctuation filter...
INFO:manoa_log:Finished punctuation filter!
INFO:manoa_log:Starting tokenaizer filter...
INFO:manoa_log:Finished tokenaizer filter!
INFO:manoa_log:Starting stopwords filter...
INFO:manoa_log:Finished stopwords filter!
INFO:manoa_log:Starting lemmatizer filter...
INFO:manoa_log:Finished lemmatizer filter!
INFO:manoa_log:Starting lower filter...
INFO:manoa_log:Finished lower filter!
INFO:manoa_log:Starting punctuation filter...
INFO:manoa_log:Finished punctuation filter!
INFO:manoa_log:Starting tokenaizer filter...
INFO:manoa_log:Finished tokenaizer filter!
INFO:manoa_log:Starting stopwords filter...
INFO:manoa_log:Finished stopwords filter!
INFO:manoa_log:Starting lemmatizer filter...
INFO:manoa_log:Finished lemmatizer filter!
INFO:manoa_log:Starting lower filter...
INFO:manoa_log:Finished lower filter!
INFO:manoa_log:Starting punctuation filter...
INFO:manoa_log:Finished punctuation filter!
INFO:manoa_log:Starting tokenaizer filter...
INFO:manoa_log:Finished tokenaizer filter!
INFO:manoa_log:Starting stopwords filter...
INFO:manoa_log:Finished stopwords filter!
INFO:manoa_log:Starting lemmatizer filter...
INFO:manoa_log:Finished lemmatizer filter!
INFO:manoa_log:Starting lower filter...
INFO:manoa_log:Finished lower filter!
INFO:manoa_log:Starting punctuation filter...
INFO:manoa_log:Finished punctuation filter!
INFO:manoa_log:Starting tokenaizer filter...
INFO:manoa_log:Finished tokenaizer filter!
INFO:manoa_log:Starting stopwords filter...
INFO:manoa_log:Finished stopwords filter!
INFO:manoa_log:Starting lemmatizer filter...
INFO:manoa_log:Finished lemmatizer filter!
INFO:manoa_log:Finished creating db with: create_revi_db!
INFO:manoa_log:Starting to create db with: create_tf_db...
INFO:manoa_log:Finished creating db with: create_tf_db!
INFO:manoa_log:Starting to create db with: create_idf_db...
INFO:manoa_log:Finished creating db with: create_idf_db!
INFO:manoa_log:Starting to create db with: create_scores_db...
INFO:manoa_log:Finished creating db with: create_scores_db!
INFO:manoa_log:Finished creating dbs!
INFO:manoa_log:Client created
INFO:manoa_log:user search is learning
INFO:manoa_log:Starts searching for 'learning'
INFO:manoa_log:Filtering the query: 'learning'...
INFO:manoa_log:Starting lower filter...
INFO:manoa_log:Finished lower filter!
INFO:manoa_log:Starting punctuation filter...
INFO:manoa_log:Finished punctuation filter!
INFO:manoa_log:Starting tokenaizer filter...
INFO:manoa_log:Finished tokenaizer filter!
INFO:manoa_log:Starting stopwords filter...
INFO:manoa_log:Finished stopwords filter!
INFO:manoa_log:Starting lemmatizer filter...
INFO:manoa_log:Finished lemmatizer filter!
INFO:manoa_log:Finished filtering: '['learn']'
INFO:manoa_log:Searching for word 'learn'
INFO:manoa_log:Found results: [('file1.txt', {0.023104906018664842}), ('file2.txt', {0.02038668178117486})]
INFO:manoa_log:system started
INFO:manoa_log:Loading config...
INFO:manoa_log:Finished loading config!
INFO:manoa_log:Creating dbs...
INFO:manoa_log:Starting to create db with: create_configs_db...
INFO:manoa_log:Finished creating db with: create_configs_db!
INFO:manoa_log:Starting to create db with: create_stopwords_db...
INFO:manoa_log:Finished creating db with: create_stopwords_db!
INFO:manoa_log:Starting to create db with: create_revi_db...
INFO:manoa_log:Starting lower filter...
INFO:manoa_log:Finished lower filter!
INFO:manoa_log:Starting punctuation filter...
INFO:manoa_log:Finished punctuation filter!
INFO:manoa_log:Starting tokenaizer filter...
INFO:manoa_log:Finished tokenaizer filter!
INFO:manoa_log:Starting stopwords filter...
INFO:manoa_log:Finished stopwords filter!
INFO:manoa_log:Starting lemmatizer filter...
INFO:manoa_log:Finished lemmatizer filter!
INFO:manoa_log:Starting lower filter...
INFO:manoa_log:Finished lower filter!
INFO:manoa_log:Starting punctuation filter...
INFO:manoa_log:Finished punctuation filter!
INFO:manoa_log:Starting tokenaizer filter...
INFO:manoa_log:Finished tokenaizer filter!
INFO:manoa_log:Starting stopwords filter...
INFO:manoa_log:Finished stopwords filter!
INFO:manoa_log:Starting lemmatizer filter...
INFO:manoa_log:Finished lemmatizer filter!
INFO:manoa_log:Starting lower filter...
INFO:manoa_log:Finished lower filter!
INFO:manoa_log:Starting punctuation filter...
INFO:manoa_log:Finished punctuation filter!
INFO:manoa_log:Starting tokenaizer filter...
INFO:manoa_log:Finished tokenaizer filter!
INFO:manoa_log:Starting stopwords filter...
INFO:manoa_log:Finished stopwords filter!
INFO:manoa_log:Starting lemmatizer filter...
INFO:manoa_log:Finished lemmatizer filter!
INFO:manoa_log:Starting lower filter...
INFO:manoa_log:Finished lower filter!
INFO:manoa_log:Starting punctuation filter...
INFO:manoa_log:Finished punctuation filter!
INFO:manoa_log:Starting tokenaizer filter...
INFO:manoa_log:Finished tokenaizer filter!
INFO:manoa_log:Starting stopwords filter...
INFO:manoa_log:Finished stopwords filter!
INFO:manoa_log:Starting lemmatizer filter...
INFO:manoa_log:Finished lemmatizer filter!
INFO:manoa_log:Finished creating db with: create_revi_db!
INFO:manoa_log:Starting to create db with: create_tf_db...
INFO:manoa_log:Finished creating db with: create_tf_db!
INFO:manoa_log:Starting to create db with: create_idf_db...
INFO:manoa_log:Finished creating db with: create_idf_db!
INFO:manoa_log:Starting to create db with: create_scores_db...
INFO:manoa_log:Finished creating db with: create_scores_db!
INFO:manoa_log:Finished creating dbs!
INFO:manoa_log:Client created
INFO:manoa_log:user search is learn
INFO:manoa_log:Starts searching for 'learn'
INFO:manoa_log:Filtering the query: 'learn'...
INFO:manoa_log:Starting lower filter...
INFO:manoa_log:Finished lower filter!
INFO:manoa_log:Starting punctuation filter...
INFO:manoa_log:Finished punctuation filter!
INFO:manoa_log:Starting tokenaizer filter...
INFO:manoa_log:Finished tokenaizer filter!
INFO:manoa_log:Starting stopwords filter...
INFO:manoa_log:Finished stopwords filter!
INFO:manoa_log:Starting lemmatizer filter...
INFO:manoa_log:Finished lemmatizer filter!
INFO:manoa_log:Finished filtering: '['learn']'
INFO:manoa_log:Searching for word 'learn'
INFO:manoa_log:Found results: [('file1.txt', {0.023104906018664842}), ('file2.txt', {0.02038668178117486})]
INFO:manoa_log:system started
INFO:manoa_log:Loading config...
INFO:manoa_log:Finished loading config!
INFO:manoa_log:Creating dbs...
INFO:manoa_log:Starting to create db with: create_configs_db...
INFO:manoa_log:Finished creating db with: create_configs_db!
INFO:manoa_log:Starting to create db with: create_stopwords_db...
INFO:manoa_log:Finished creating db with: create_stopwords_db!
INFO:manoa_log:Starting to create db with: create_revi_db...
INFO:manoa_log:Starting lower filter...
INFO:manoa_log:Finished lower filter!
INFO:manoa_log:Starting punctuation filter...
INFO:manoa_log:Finished punctuation filter!
INFO:manoa_log:Starting tokenaizer filter...
INFO:manoa_log:Finished tokenaizer filter!
INFO:manoa_log:Starting stopwords filter...
INFO:manoa_log:Finished stopwords filter!
INFO:manoa_log:Starting lemmatizer filter...
INFO:manoa_log:Finished lemmatizer filter!
INFO:manoa_log:Starting lower filter...
INFO:manoa_log:Finished lower filter!
INFO:manoa_log:Starting punctuation filter...
INFO:manoa_log:Finished punctuation filter!
INFO:manoa_log:Starting tokenaizer filter...
INFO:manoa_log:Finished tokenaizer filter!
INFO:manoa_log:Starting stopwords filter...
INFO:manoa_log:Finished stopwords filter!
INFO:manoa_log:Starting lemmatizer filter...
INFO:manoa_log:Finished lemmatizer filter!
INFO:manoa_log:Starting lower filter...
INFO:manoa_log:Finished lower filter!
INFO:manoa_log:Starting punctuation filter...
INFO:manoa_log:Finished punctuation filter!
INFO:manoa_log:Starting tokenaizer filter...
INFO:manoa_log:Finished tokenaizer filter!
INFO:manoa_log:Starting stopwords filter...
INFO:manoa_log:Finished stopwords filter!
INFO:manoa_log:Starting lemmatizer filter...
INFO:manoa_log:Finished lemmatizer filter!
INFO:manoa_log:Starting lower filter...
INFO:manoa_log:Finished lower filter!
INFO:manoa_log:Starting punctuation filter...
INFO:manoa_log:Finished punctuation filter!
INFO:manoa_log:Starting tokenaizer filter...
INFO:manoa_log:Finished tokenaizer filter!
INFO:manoa_log:Starting stopwords filter...
INFO:manoa_log:Finished stopwords filter!
INFO:manoa_log:Starting lemmatizer filter...
INFO:manoa_log:Finished lemmatizer filter!
INFO:manoa_log:Finished creating db with: create_revi_db!
INFO:manoa_log:Starting to create db with: create_tf_db...
INFO:manoa_log:Finished creating db with: create_tf_db!
INFO:manoa_log:Starting to create db with: create_idf_db...
INFO:manoa_log:Finished creating db with: create_idf_db!
INFO:manoa_log:Starting to create db with: create_scores_db...
INFO:manoa_log:Finished creating db with: create_scores_db!
INFO:manoa_log:Finished creating dbs!
INFO:manoa_log:Client created
INFO:manoa_log:system started
INFO:manoa_log:Loading config...
INFO:manoa_log:Finished loading config!
INFO:manoa_log:Creating dbs...
INFO:manoa_log:Starting to create db with: create_configs_db...
INFO:manoa_log:Finished creating db with: create_configs_db!
INFO:manoa_log:Starting to create db with: create_stopwords_db...
INFO:manoa_log:Finished creating db with: create_stopwords_db!
INFO:manoa_log:Starting to create db with: create_revi_db...
INFO:manoa_log:Starting lower filter...
INFO:manoa_log:Finished lower filter!
INFO:manoa_log:Starting punctuation filter...
INFO:manoa_log:Finished punctuation filter!
INFO:manoa_log:Starting tokenaizer filter...
INFO:manoa_log:Finished tokenaizer filter!
INFO:manoa_log:Starting stopwords filter...
INFO:manoa_log:Finished stopwords filter!
INFO:manoa_log:Starting lemmatizer filter...
INFO:manoa_log:Finished lemmatizer filter!
INFO:manoa_log:Starting lower filter...
INFO:manoa_log:Finished lower filter!
INFO:manoa_log:Starting punctuation filter...
INFO:manoa_log:Finished punctuation filter!
INFO:manoa_log:Starting tokenaizer filter...
INFO:manoa_log:Finished tokenaizer filter!
INFO:manoa_log:Starting stopwords filter...
INFO:manoa_log:Finished stopwords filter!
INFO:manoa_log:Starting lemmatizer filter...
INFO:manoa_log:Finished lemmatizer filter!
INFO:manoa_log:Starting lower filter...
INFO:manoa_log:Finished lower filter!
INFO:manoa_log:Starting punctuation filter...
INFO:manoa_log:Finished punctuation filter!
INFO:manoa_log:Starting tokenaizer filter...
INFO:manoa_log:Finished tokenaizer filter!
INFO:manoa_log:Starting stopwords filter...
INFO:manoa_log:Finished stopwords filter!
INFO:manoa_log:Starting lemmatizer filter...
INFO:manoa_log:Finished lemmatizer filter!
INFO:manoa_log:Starting lower filter...
INFO:manoa_log:Finished lower filter!
INFO:manoa_log:Starting punctuation filter...
INFO:manoa_log:Finished punctuation filter!
INFO:manoa_log:Starting tokenaizer filter...
INFO:manoa_log:Finished tokenaizer filter!
INFO:manoa_log:Starting stopwords filter...
INFO:manoa_log:Finished stopwords filter!
INFO:manoa_log:Starting lemmatizer filter...
INFO:manoa_log:Finished lemmatizer filter!
INFO:manoa_log:Finished creating db with: create_revi_db!
INFO:manoa_log:Starting to create db with: create_tf_db...
INFO:manoa_log:Finished creating db with: create_tf_db!
INFO:manoa_log:Starting to create db with: create_idf_db...
INFO:manoa_log:Finished creating db with: create_idf_db!
INFO:manoa_log:Starting to create db with: create_scores_db...
INFO:manoa_log:Finished creating db with: create_scores_db!
INFO:manoa_log:Finished creating dbs!
INFO:manoa_log:Client created
INFO:manoa_log:system started
INFO:manoa_log:Loading config...
INFO:manoa_log:Finished loading config!
INFO:manoa_log:Creating dbs...
INFO:manoa_log:Starting to create db with: create_configs_db...
INFO:manoa_log:Finished creating db with: create_configs_db!
INFO:manoa_log:Starting to create db with: create_stopwords_db...
INFO:manoa_log:Finished creating db with: create_stopwords_db!
INFO:manoa_log:Starting to create db with: create_revi_db...
INFO:manoa_log:Starting lower filter...
INFO:manoa_log:Finished lower filter!
INFO:manoa_log:Starting punctuation filter...
INFO:manoa_log:Finished punctuation filter!
INFO:manoa_log:Starting tokenaizer filter...
INFO:manoa_log:Finished tokenaizer filter!
INFO:manoa_log:Starting stopwords filter...
INFO:manoa_log:Finished stopwords filter!
INFO:manoa_log:Starting lemmatizer filter...
INFO:manoa_log:Finished lemmatizer filter!
INFO:manoa_log:Starting lower filter...
INFO:manoa_log:Finished lower filter!
INFO:manoa_log:Starting punctuation filter...
INFO:manoa_log:Finished punctuation filter!
INFO:manoa_log:Starting tokenaizer filter...
INFO:manoa_log:Finished tokenaizer filter!
INFO:manoa_log:Starting stopwords filter...
INFO:manoa_log:Finished stopwords filter!
INFO:manoa_log:Starting lemmatizer filter...
INFO:manoa_log:Finished lemmatizer filter!
INFO:manoa_log:Starting lower filter...
INFO:manoa_log:Finished lower filter!
INFO:manoa_log:Starting punctuation filter...
INFO:manoa_log:Finished punctuation filter!
INFO:manoa_log:Starting tokenaizer filter...
INFO:manoa_log:Finished tokenaizer filter!
INFO:manoa_log:Starting stopwords filter...
INFO:manoa_log:Finished stopwords filter!
INFO:manoa_log:Starting lemmatizer filter...
INFO:manoa_log:Finished lemmatizer filter!
INFO:manoa_log:Starting lower filter...
INFO:manoa_log:Finished lower filter!
INFO:manoa_log:Starting punctuation filter...
INFO:manoa_log:Finished punctuation filter!
INFO:manoa_log:Starting tokenaizer filter...
INFO:manoa_log:Finished tokenaizer filter!
INFO:manoa_log:Starting stopwords filter...
INFO:manoa_log:Finished stopwords filter!
INFO:manoa_log:Starting lemmatizer filter...
INFO:manoa_log:Finished lemmatizer filter!
INFO:manoa_log:Finished creating db with: create_revi_db!
INFO:manoa_log:Starting to create db with: create_tf_db...
INFO:manoa_log:Finished creating db with: create_tf_db!
INFO:manoa_log:Starting to create db with: create_idf_db...
INFO:manoa_log:Finished creating db with: create_idf_db!
INFO:manoa_log:Starting to create db with: create_scores_db...
INFO:manoa_log:Finished creating db with: create_scores_db!
INFO:manoa_log:Finished creating dbs!
INFO:manoa_log:Client created
INFO:manoa_log:system started
INFO:manoa_log:Loading config...
INFO:manoa_log:Finished loading config!
INFO:manoa_log:Creating dbs...
INFO:manoa_log:Starting to create db with: create_configs_db...
INFO:manoa_log:Finished creating db with: create_configs_db!
INFO:manoa_log:Starting to create db with: create_stopwords_db...
INFO:manoa_log:Finished creating db with: create_stopwords_db!
INFO:manoa_log:Starting to create db with: create_revi_db...
INFO:manoa_log:Starting lower filter...
INFO:manoa_log:Finished lower filter!
INFO:manoa_log:Starting punctuation filter...
INFO:manoa_log:Finished punctuation filter!
INFO:manoa_log:Starting tokenaizer filter...
INFO:manoa_log:Finished tokenaizer filter!
INFO:manoa_log:Starting stopwords filter...
INFO:manoa_log:Finished stopwords filter!
INFO:manoa_log:Starting lemmatizer filter...
INFO:manoa_log:Finished lemmatizer filter!
INFO:manoa_log:Starting lower filter...
INFO:manoa_log:Finished lower filter!
INFO:manoa_log:Starting punctuation filter...
INFO:manoa_log:Finished punctuation filter!
INFO:manoa_log:Starting tokenaizer filter...
INFO:manoa_log:Finished tokenaizer filter!
INFO:manoa_log:Starting stopwords filter...
INFO:manoa_log:Finished stopwords filter!
INFO:manoa_log:Starting lemmatizer filter...
INFO:manoa_log:Finished lemmatizer filter!
INFO:manoa_log:Starting lower filter...
INFO:manoa_log:Finished lower filter!
INFO:manoa_log:Starting punctuation filter...
INFO:manoa_log:Finished punctuation filter!
INFO:manoa_log:Starting tokenaizer filter...
INFO:manoa_log:Finished tokenaizer filter!
INFO:manoa_log:Starting stopwords filter...
INFO:manoa_log:Finished stopwords filter!
INFO:manoa_log:Starting lemmatizer filter...
INFO:manoa_log:Finished lemmatizer filter!
INFO:manoa_log:Starting lower filter...
INFO:manoa_log:Finished lower filter!
INFO:manoa_log:Starting punctuation filter...
INFO:manoa_log:Finished punctuation filter!
INFO:manoa_log:Starting tokenaizer filter...
INFO:manoa_log:Finished tokenaizer filter!
INFO:manoa_log:Starting stopwords filter...
INFO:manoa_log:Finished stopwords filter!
INFO:manoa_log:Starting lemmatizer filter...
INFO:manoa_log:Finished lemmatizer filter!
INFO:manoa_log:Finished creating db with: create_revi_db!
INFO:manoa_log:Starting to create db with: create_tf_db...
INFO:manoa_log:Finished creating db with: create_tf_db!
INFO:manoa_log:Starting to create db with: create_idf_db...
INFO:manoa_log:Finished creating db with: create_idf_db!
INFO:manoa_log:Starting to create db with: create_scores_db...
INFO:manoa_log:Finished creating db with: create_scores_db!
INFO:manoa_log:Finished creating dbs!
INFO:manoa_log:Client created
INFO:manoa_log:system started
INFO:manoa_log:Loading config...
INFO:manoa_log:Finished loading config!
INFO:manoa_log:Creating dbs...
INFO:manoa_log:Starting to create db with: create_configs_db...
INFO:manoa_log:Finished creating db with: create_configs_db!
INFO:manoa_log:Starting to create db with: create_stopwords_db...
INFO:manoa_log:Finished creating db with: create_stopwords_db!
INFO:manoa_log:Starting to create db with: create_revi_db...
INFO:manoa_log:Starting lower filter...
INFO:manoa_log:Finished lower filter!
INFO:manoa_log:Starting punctuation filter...
INFO:manoa_log:Finished punctuation filter!
INFO:manoa_log:Starting tokenaizer filter...
INFO:manoa_log:Finished tokenaizer filter!
INFO:manoa_log:Starting stopwords filter...
INFO:manoa_log:Finished stopwords filter!
INFO:manoa_log:Starting lemmatizer filter...
INFO:manoa_log:Finished lemmatizer filter!
INFO:manoa_log:Starting lower filter...
INFO:manoa_log:Finished lower filter!
INFO:manoa_log:Starting punctuation filter...
INFO:manoa_log:Finished punctuation filter!
INFO:manoa_log:Starting tokenaizer filter...
INFO:manoa_log:Finished tokenaizer filter!
INFO:manoa_log:Starting stopwords filter...
INFO:manoa_log:Finished stopwords filter!
INFO:manoa_log:Starting lemmatizer filter...
INFO:manoa_log:Finished lemmatizer filter!
INFO:manoa_log:Starting lower filter...
INFO:manoa_log:Finished lower filter!
INFO:manoa_log:Starting punctuation filter...
INFO:manoa_log:Finished punctuation filter!
INFO:manoa_log:Starting tokenaizer filter...
INFO:manoa_log:Finished tokenaizer filter!
INFO:manoa_log:Starting stopwords filter...
INFO:manoa_log:Finished stopwords filter!
INFO:manoa_log:Starting lemmatizer filter...
INFO:manoa_log:Finished lemmatizer filter!
INFO:manoa_log:Starting lower filter...
INFO:manoa_log:Finished lower filter!
INFO:manoa_log:Starting punctuation filter...
INFO:manoa_log:Finished punctuation filter!
INFO:manoa_log:Starting tokenaizer filter...
INFO:manoa_log:Finished tokenaizer filter!
INFO:manoa_log:Starting stopwords filter...
INFO:manoa_log:Finished stopwords filter!
INFO:manoa_log:Starting lemmatizer filter...
INFO:manoa_log:Finished lemmatizer filter!
INFO:manoa_log:Finished creating db with: create_revi_db!
INFO:manoa_log:Starting to create db with: create_tf_db...
INFO:manoa_log:Finished creating db with: create_tf_db!
INFO:manoa_log:Starting to create db with: create_idf_db...
INFO:manoa_log:Finished creating db with: create_idf_db!
INFO:manoa_log:Starting to create db with: create_scores_db...
INFO:manoa_log:Finished creating db with: create_scores_db!
INFO:manoa_log:Finished creating dbs!
INFO:manoa_log:Client created
INFO:manoa_log:user search is learning
INFO:manoa_log:Starts searching for 'learning'
INFO:manoa_log:Filtering the query: 'learning'...
INFO:manoa_log:Starting lower filter...
INFO:manoa_log:Finished lower filter!
INFO:manoa_log:Starting punctuation filter...
INFO:manoa_log:Finished punctuation filter!
INFO:manoa_log:Starting tokenaizer filter...
INFO:manoa_log:Finished tokenaizer filter!
INFO:manoa_log:Starting stopwords filter...
INFO:manoa_log:Finished stopwords filter!
INFO:manoa_log:Starting lemmatizer filter...
INFO:manoa_log:Finished lemmatizer filter!
INFO:manoa_log:Finished filtering: '['learn']'
INFO:manoa_log:Searching for word 'learn'
INFO:manoa_log:Found results: [('file1.txt', {0.023104906018664842}), ('file2.txt', {0.02038668178117486})]
INFO:manoa_log:system started
INFO:manoa_log:Loading config...
INFO:manoa_log:Finished loading config!
INFO:manoa_log:Creating dbs...
INFO:manoa_log:Starting to create db with: create_configs_db...
INFO:manoa_log:Finished creating db with: create_configs_db!
INFO:manoa_log:Starting to create db with: create_stopwords_db...
INFO:manoa_log:Finished creating db with: create_stopwords_db!
INFO:manoa_log:Starting to create db with: create_revi_db...
INFO:manoa_log:Starting lower filter...
INFO:manoa_log:Finished lower filter!
INFO:manoa_log:Starting punctuation filter...
INFO:manoa_log:Finished punctuation filter!
INFO:manoa_log:Starting tokenaizer filter...
INFO:manoa_log:Finished tokenaizer filter!
INFO:manoa_log:Starting stopwords filter...
INFO:manoa_log:Finished stopwords filter!
INFO:manoa_log:Starting lemmatizer filter...
INFO:manoa_log:Finished lemmatizer filter!
INFO:manoa_log:Starting lower filter...
INFO:manoa_log:Finished lower filter!
INFO:manoa_log:Starting punctuation filter...
INFO:manoa_log:Finished punctuation filter!
INFO:manoa_log:Starting tokenaizer filter...
INFO:manoa_log:Finished tokenaizer filter!
INFO:manoa_log:Starting stopwords filter...
INFO:manoa_log:Finished stopwords filter!
INFO:manoa_log:Starting lemmatizer filter...
INFO:manoa_log:Finished lemmatizer filter!
INFO:manoa_log:Starting lower filter...
INFO:manoa_log:Finished lower filter!
INFO:manoa_log:Starting punctuation filter...
INFO:manoa_log:Finished punctuation filter!
INFO:manoa_log:Starting tokenaizer filter...
INFO:manoa_log:Finished tokenaizer filter!
INFO:manoa_log:Starting stopwords filter...
INFO:manoa_log:Finished stopwords filter!
INFO:manoa_log:Starting lemmatizer filter...
INFO:manoa_log:Finished lemmatizer filter!
INFO:manoa_log:Starting lower filter...
INFO:manoa_log:Finished lower filter!
INFO:manoa_log:Starting punctuation filter...
INFO:manoa_log:Finished punctuation filter!
INFO:manoa_log:Starting tokenaizer filter...
INFO:manoa_log:Finished tokenaizer filter!
INFO:manoa_log:Starting stopwords filter...
INFO:manoa_log:Finished stopwords filter!
INFO:manoa_log:Starting lemmatizer filter...
INFO:manoa_log:Finished lemmatizer filter!
INFO:manoa_log:Finished creating db with: create_revi_db!
INFO:manoa_log:Starting to create db with: create_tf_db...
INFO:manoa_log:Finished creating db with: create_tf_db!
INFO:manoa_log:Starting to create db with: create_idf_db...
INFO:manoa_log:Finished creating db with: create_idf_db!
INFO:manoa_log:Starting to create db with: create_scores_db...
INFO:manoa_log:Finished creating db with: create_scores_db!
INFO:manoa_log:Finished creating dbs!
INFO:manoa_log:Client created
INFO:manoa_log:user search is learning
INFO:manoa_log:Starts searching for 'learning'
INFO:manoa_log:Filtering the query: 'learning'...
INFO:manoa_log:Starting lower filter...
INFO:manoa_log:Finished lower filter!
INFO:manoa_log:Starting punctuation filter...
INFO:manoa_log:Finished punctuation filter!
INFO:manoa_log:Starting tokenaizer filter...
INFO:manoa_log:Finished tokenaizer filter!
INFO:manoa_log:Starting stopwords filter...
INFO:manoa_log:Finished stopwords filter!
INFO:manoa_log:Starting lemmatizer filter...
INFO:manoa_log:Finished lemmatizer filter!
INFO:manoa_log:Finished filtering: '['learn']'
INFO:manoa_log:Searching for word 'learn'
INFO:manoa_log:Found results: [('file1.txt', {0.023104906018664842}), ('file2.txt', {0.02038668178117486})]
INFO:manoa_log:system started
INFO:manoa_log:Loading config...
INFO:manoa_log:Finished loading config!
INFO:manoa_log:Creating dbs...
INFO:manoa_log:Starting to create db with: create_configs_db...
INFO:manoa_log:Finished creating db with: create_configs_db!
INFO:manoa_log:Starting to create db with: create_stopwords_db...
INFO:manoa_log:Finished creating db with: create_stopwords_db!
INFO:manoa_log:Starting to create db with: create_revi_db...
INFO:manoa_log:Starting lower filter...
INFO:manoa_log:Finished lower filter!
INFO:manoa_log:Starting punctuation filter...
INFO:manoa_log:Finished punctuation filter!
INFO:manoa_log:Starting tokenaizer filter...
INFO:manoa_log:Finished tokenaizer filter!
INFO:manoa_log:Starting stopwords filter...
INFO:manoa_log:Finished stopwords filter!
INFO:manoa_log:Starting lemmatizer filter...
INFO:manoa_log:Finished lemmatizer filter!
INFO:manoa_log:Starting lower filter...
INFO:manoa_log:Finished lower filter!
INFO:manoa_log:Starting punctuation filter...
INFO:manoa_log:Finished punctuation filter!
INFO:manoa_log:Starting tokenaizer filter...
INFO:manoa_log:Finished tokenaizer filter!
INFO:manoa_log:Starting stopwords filter...
INFO:manoa_log:Finished stopwords filter!
INFO:manoa_log:Starting lemmatizer filter...
INFO:manoa_log:Finished lemmatizer filter!
INFO:manoa_log:Starting lower filter...
INFO:manoa_log:Finished lower filter!
INFO:manoa_log:Starting punctuation filter...
INFO:manoa_log:Finished punctuation filter!
INFO:manoa_log:Starting tokenaizer filter...
INFO:manoa_log:Finished tokenaizer filter!
INFO:manoa_log:Starting stopwords filter...
INFO:manoa_log:Finished stopwords filter!
INFO:manoa_log:Starting lemmatizer filter...
INFO:manoa_log:Finished lemmatizer filter!
INFO:manoa_log:Starting lower filter...
INFO:manoa_log:Finished lower filter!
INFO:manoa_log:Starting punctuation filter...
INFO:manoa_log:Finished punctuation filter!
INFO:manoa_log:Starting tokenaizer filter...
INFO:manoa_log:Finished tokenaizer filter!
INFO:manoa_log:Starting stopwords filter...
INFO:manoa_log:Finished stopwords filter!
INFO:manoa_log:Starting lemmatizer filter...
INFO:manoa_log:Finished lemmatizer filter!
INFO:manoa_log:Finished creating db with: create_revi_db!
INFO:manoa_log:Starting to create db with: create_tf_db...
INFO:manoa_log:Finished creating db with: create_tf_db!
INFO:manoa_log:Starting to create db with: create_idf_db...
INFO:manoa_log:Finished creating db with: create_idf_db!
INFO:manoa_log:Starting to create db with: create_scores_db...
INFO:manoa_log:Finished creating db with: create_scores_db!
INFO:manoa_log:Finished creating dbs!
INFO:manoa_log:Client created
INFO:manoa_log:user search is learning
INFO:manoa_log:Starts searching for 'learning'
INFO:manoa_log:Filtering the query: 'learning'...
INFO:manoa_log:Starting lower filter...
INFO:manoa_log:Finished lower filter!
INFO:manoa_log:Starting punctuation filter...
INFO:manoa_log:Finished punctuation filter!
INFO:manoa_log:Starting tokenaizer filter...
INFO:manoa_log:Finished tokenaizer filter!
INFO:manoa_log:Starting stopwords filter...
INFO:manoa_log:Finished stopwords filter!
INFO:manoa_log:Starting lemmatizer filter...
INFO:manoa_log:Finished lemmatizer filter!
INFO:manoa_log:Finished filtering: '['learn']'
INFO:manoa_log:Searching for word 'learn'
INFO:manoa_log:Found results: [('file1.txt', {0.023104906018664842}), ('file2.txt', {0.02038668178117486})]
